<?xml version="1.0" encoding="UTF-8"?>
<!-- Generated by org.testng.reporters.JUnitXMLReporter -->
<testsuite hostname="DESKTOP-HOF3APB" failures="1" tests="4" name="Test" time="18.773" errors="0" timestamp="16 Dec 2023 19:43:29 GMT">
  <testcase classname="test.LoginTest" name="regressionTest" time="0.009"/>
  <testcase classname="test.LoginTest" name="validUserShouldBeAbleToLogin" time="12.564"/>
  <testcase classname="test.LoginTest" name="validateLoginAlertMesg" time="3.464"/>
  <testcase classname="test.AddCustomerTest" name="userShouldBeAbleToAddNewCustomer" time="2.683">
    <failure type="java.lang.NullPointerException">
      <![CDATA[java.lang.NullPointerException
	at test.AddCustomerTest.userShouldBeAbleToAddNewCustomer(AddCustomerTest.java:49)
... Removed 24 stack frames]]>
    </failure>
  </testcase> <!-- userShouldBeAbleToAddNewCustomer -->
</testsuite> <!-- Test -->
