<?xml version="1.0" encoding="UTF-8"?>
<testng-results total="1" passed="1" failed="0" skipped="0">
  <reporter-output>
  </reporter-output>
  <suite started-at="2023-12-16T19:45:20Z" name="Default suite" finished-at="2023-12-16T19:46:15Z" duration-ms="54874">
    <groups>
      <group name="regression">
        <method signature="AddCustomerTest.userShouldBeAbleToAddNewCustomer()[pri:0, instance:test.AddCustomerTest@df6620a]" name="userShouldBeAbleToAddNewCustomer" class="test.AddCustomerTest"/>
      </group> <!-- regression -->
    </groups>
    <test started-at="2023-12-16T19:45:20Z" name="Default test" finished-at="2023-12-16T19:46:15Z" duration-ms="54874">
      <class name="test.AddCustomerTest">
        <test-method is-config="true" signature="readJson()[pri:0, instance:test.AddCustomerTest@df6620a]" started-at="2023-12-16T13:45:20Z" name="readJson" finished-at="2023-12-16T13:45:20Z" duration-ms="29" status="PASS">
          <reporter-output>
          </reporter-output>
        </test-method> <!-- readJson -->
        <test-method signature="userShouldBeAbleToAddNewCustomer()[pri:0, instance:test.AddCustomerTest@df6620a]" started-at="2023-12-16T13:45:20Z" name="userShouldBeAbleToAddNewCustomer" finished-at="2023-12-16T13:46:15Z" duration-ms="54832" status="PASS">
          <reporter-output>
          </reporter-output>
        </test-method> <!-- userShouldBeAbleToAddNewCustomer -->
      </class> <!-- test.AddCustomerTest -->
    </test> <!-- Default test -->
  </suite> <!-- Default suite -->
</testng-results>
